<?xml version="1.0" encoding="UTF-8"?>
<!-- Generated by org.testng.reporters.JUnitReportReporter -->
<testsuite hostname="NTB-257" failures="0" tests="1" name="JavaStreams115" time="0.016" errors="0" timestamp="2022-07-12T12:42:00 CEST" skipped="0">
  <testcase classname="JavaStreams115" name="assignment" time="0.016"/>
  <system-out/>
</testsuite> <!-- JavaStreams115 -->
