<?xml version="1.0" encoding="UTF-8"?>
<!-- Generated by org.testng.reporters.JUnitReportReporter -->
<testsuite hostname="NTB-257" failures="0" tests="1" name="Academy.JKE2E.HomePage" time="2.018" errors="0" timestamp="2022-07-28T11:59:11 CEST" skipped="0">
  <testcase classname="Academy.JKE2E.HomePage" name="basePageNavigation" time="2.018"/>
  <system-out/>
</testsuite> <!-- Academy.JKE2E.HomePage -->
