<?xml version="1.0" encoding="UTF-8"?>
<!-- Generated by org.testng.reporters.JUnitReportReporter -->
<testsuite hostname="NTB-257" failures="0" tests="2" name="CucumberOptions.TestRunner" time="33.820" errors="0" timestamp="2022-07-28T16:50:00 CEST" skipped="0">
  <testcase classname="CucumberOptions.TestRunner" name="runScenario" time="18.874"/>
  <system-out/>
  <testcase classname="CucumberOptions.TestRunner" name="runScenario" time="14.946"/>
  <system-out/>
</testsuite> <!-- CucumberOptions.TestRunner -->
