<?xml version="1.0" encoding="UTF-8"?>
<!-- Generated by org.testng.reporters.JUnitReportReporter -->
<testsuite hostname="NTB-257" failures="0" tests="2" name="Academy.JKE2E.LoginPage" time="61.618" errors="0" timestamp="2022-07-28T11:59:11 CEST" skipped="0">
  <testcase classname="Academy.JKE2E.LoginPage" name="loginPageNavigation" time="36.570"/>
  <system-out/>
  <testcase classname="Academy.JKE2E.LoginPage" name="loginPageNavigation" time="25.048"/>
  <system-out/>
</testsuite> <!-- Academy.JKE2E.LoginPage -->
