<?xml version="1.0" encoding="UTF-8"?>
<!-- Generated by org.testng.reporters.JUnitReportReporter -->
<testsuite hostname="NTB-257" failures="0" tests="2" name="CucumberOptions.TestRunner" time="56.098" errors="0" timestamp="2022-07-28T16:43:25 CEST" skipped="0">
  <testcase classname="CucumberOptions.TestRunner" name="runScenario" time="23.984"/>
  <system-out/>
  <testcase classname="CucumberOptions.TestRunner" name="runScenario" time="32.114"/>
  <system-out/>
</testsuite> <!-- CucumberOptions.TestRunner -->
