<?xml version="1.0" encoding="UTF-8"?>
<!-- Generated by org.testng.reporters.JUnitReportReporter -->
<testsuite hostname="NTB-257" failures="0" tests="1" name="Academy.JKE2E.HomePage" time="4.058" errors="0" timestamp="2022-08-01T11:00:58 CEST" skipped="0">
  <testcase classname="Academy.JKE2E.HomePage" name="basePageNavigation" time="4.058"/>
  <system-out/>
</testsuite> <!-- Academy.JKE2E.HomePage -->
