<?xml version="1.0" encoding="UTF-8"?>
<!-- Generated by org.testng.reporters.JUnitReportReporter -->
<testsuite hostname="NTB-257" failures="0" tests="2" name="Academy.JKE2E.LoginPage" time="54.293" errors="0" timestamp="2022-08-01T11:00:58 CEST" skipped="0">
  <testcase classname="Academy.JKE2E.LoginPage" name="loginPageNavigation" time="27.187"/>
  <system-out/>
  <testcase classname="Academy.JKE2E.LoginPage" name="loginPageNavigation" time="27.106"/>
  <system-out/>
</testsuite> <!-- Academy.JKE2E.LoginPage -->
